13:10:57:295  INFO 21196 --- [main] c.e.usts.cs2022.MusicServerApplication   : Starting MusicServerApplication using Java 11.0.6 on hsk with PID 21196 (E:\GitHub\music-website\music-server\target\classes started by 24564 in E:\GitHub\music-website\music-server)
13:10:57:299  INFO 21196 --- [main] c.e.usts.cs2022.MusicServerApplication   : No active profile set, falling back to 1 default profile: "default"
13:10:57:724  WARN 21196 --- [main] o.m.s.mapper.ClassPathMapperScanner      : No MyBatis mapper was found in '[cn.edu.usts.cs2022]' package. Please check your configuration.
13:10:58:014  INFO 21196 --- [main] o.s.b.w.embedded.tomcat.TomcatWebServer  : Tomcat initialized with port(s): 8080 (http)
13:10:58:020  INFO 21196 --- [main] o.apache.catalina.core.StandardService   : Starting service [Tomcat]
13:10:58:020  INFO 21196 --- [main] org.apache.catalina.core.StandardEngine  : Starting Servlet engine: [Apache Tomcat/9.0.69]
13:10:58:105  INFO 21196 --- [main] o.a.c.c.C.[Tomcat].[localhost].[/]       : Initializing Spring embedded WebApplicationContext
13:10:58:105  INFO 21196 --- [main] w.s.c.ServletWebServerApplicationContext : Root WebApplicationContext: initialization completed in 772 ms
13:10:58:460  INFO 21196 --- [main] o.s.b.w.embedded.tomcat.TomcatWebServer  : Tomcat started on port(s): 8080 (http) with context path ''
13:10:58:469  INFO 21196 --- [main] c.e.usts.cs2022.MusicServerApplication   : Started MusicServerApplication in 1.499 seconds (JVM running for 2.716)
13:31:54:789  INFO 21196 --- [http-nio-8080-exec-2] o.a.c.c.C.[Tomcat].[localhost].[/]       : Initializing Spring DispatcherServlet 'dispatcherServlet'
13:31:54:789  INFO 21196 --- [http-nio-8080-exec-2] o.s.web.servlet.DispatcherServlet        : Initializing Servlet 'dispatcherServlet'
13:31:54:789  INFO 21196 --- [http-nio-8080-exec-2] o.s.web.servlet.DispatcherServlet        : Completed initialization in 0 ms
14:57:23:558  INFO 27912 --- [main] c.e.usts.cs2022.MusicServerApplication   : Starting MusicServerApplication using Java 11.0.6 on hsk with PID 27912 (E:\GitHub\music-website\music-server\target\classes started by 24564 in E:\GitHub\music-website\music-server)
14:57:23:560  INFO 27912 --- [main] c.e.usts.cs2022.MusicServerApplication   : No active profile set, falling back to 1 default profile: "default"
14:57:24:034  WARN 27912 --- [main] o.m.s.mapper.ClassPathMapperScanner      : No MyBatis mapper was found in '[cn.edu.usts.cs2022]' package. Please check your configuration.
14:57:24:438  INFO 27912 --- [main] o.s.b.w.embedded.tomcat.TomcatWebServer  : Tomcat initialized with port(s): 8080 (http)
14:57:24:451  INFO 27912 --- [main] o.apache.catalina.core.StandardService   : Starting service [Tomcat]
14:57:24:451  INFO 27912 --- [main] org.apache.catalina.core.StandardEngine  : Starting Servlet engine: [Apache Tomcat/9.0.69]
14:57:24:556  INFO 27912 --- [main] o.a.c.c.C.[Tomcat].[localhost].[/]       : Initializing Spring embedded WebApplicationContext
14:57:24:556  INFO 27912 --- [main] w.s.c.ServletWebServerApplicationContext : Root WebApplicationContext: initialization completed in 967 ms
14:57:24:918  INFO 27912 --- [main] o.s.b.w.embedded.tomcat.TomcatWebServer  : Tomcat started on port(s): 8080 (http) with context path ''
14:57:24:928  INFO 27912 --- [main] c.e.usts.cs2022.MusicServerApplication   : Started MusicServerApplication in 1.714 seconds (JVM running for 2.973)
14:57:30:721  INFO 27912 --- [http-nio-8080-exec-1] o.a.c.c.C.[Tomcat].[localhost].[/]       : Initializing Spring DispatcherServlet 'dispatcherServlet'
14:57:30:721  INFO 27912 --- [http-nio-8080-exec-1] o.s.web.servlet.DispatcherServlet        : Initializing Servlet 'dispatcherServlet'
14:57:30:721  INFO 27912 --- [http-nio-8080-exec-1] o.s.web.servlet.DispatcherServlet        : Completed initialization in 0 ms
